<?xml version="1.0" encoding="UTF-8"?>
<testsuite name="dev.dejvokep.boostedyaml.dvs.versioning.AutomaticVersioningTest" tests="3" skipped="0" failures="0" errors="0" timestamp="2026-05-26T06:03:52.915Z" hostname="STEPHANOFER" time="0.017">
  <properties/>
  <testcase name="getDocumentVersion()" classname="dev.dejvokep.boostedyaml.dvs.versioning.AutomaticVersioningTest" time="0.007"/>
  <testcase name="updateVersionID()" classname="dev.dejvokep.boostedyaml.dvs.versioning.AutomaticVersioningTest" time="0.004"/>
  <testcase name="getOldest()" classname="dev.dejvokep.boostedyaml.dvs.versioning.AutomaticVersioningTest" time="0.002"/>
  <system-out><![CDATA[]]></system-out>
  <system-err><![CDATA[]]></system-err>
</testsuite>
