<?xml version="1.0" encoding="UTF-8"?>
<testsuite name="dev.dejvokep.boostedyaml.engine.ExtendedRepresenterTest" tests="7" skipped="0" failures="0" errors="0" timestamp="2026-05-26T06:03:52.966Z" hostname="STEPHANOFER" time="0.101">
  <properties/>
  <testcase name="representSequence()" classname="dev.dejvokep.boostedyaml.engine.ExtendedRepresenterTest" time="0.017"/>
  <testcase name="representMapping()" classname="dev.dejvokep.boostedyaml.engine.ExtendedRepresenterTest" time="0.016"/>
  <testcase name="representMappingEntry()" classname="dev.dejvokep.boostedyaml.engine.ExtendedRepresenterTest" time="0.007"/>
  <testcase name="representBlock()" classname="dev.dejvokep.boostedyaml.engine.ExtendedRepresenterTest" time="0.027"/>
  <testcase name="represent()" classname="dev.dejvokep.boostedyaml.engine.ExtendedRepresenterTest" time="0.003"/>
  <testcase name="representFlow()" classname="dev.dejvokep.boostedyaml.engine.ExtendedRepresenterTest" time="0.015"/>
  <testcase name="representScalar()" classname="dev.dejvokep.boostedyaml.engine.ExtendedRepresenterTest" time="0.005"/>
  <system-out><![CDATA[]]></system-out>
  <system-err><![CDATA[]]></system-err>
</testsuite>
