<?xml version="1.0" encoding="UTF-8"?>
<testsuite name="dev.dejvokep.boostedyaml.dvs.VersionTest" tests="6" skipped="0" failures="0" errors="0" timestamp="2026-05-26T06:03:52.880Z" hostname="STEPHANOFER" time="0.015">
  <properties/>
  <testcase name="compareTo()" classname="dev.dejvokep.boostedyaml.dvs.VersionTest" time="0.001"/>
  <testcase name="asID()" classname="dev.dejvokep.boostedyaml.dvs.VersionTest" time="0.002"/>
  <testcase name="copy()" classname="dev.dejvokep.boostedyaml.dvs.VersionTest" time="0.001"/>
  <testcase name="next()" classname="dev.dejvokep.boostedyaml.dvs.VersionTest" time="0.002"/>
  <testcase name="getPattern()" classname="dev.dejvokep.boostedyaml.dvs.VersionTest" time="0.002"/>
  <testcase name="getCursor()" classname="dev.dejvokep.boostedyaml.dvs.VersionTest" time="0.002"/>
  <system-out><![CDATA[]]></system-out>
  <system-err><![CDATA[]]></system-err>
</testsuite>
