<?xml version="1.0" encoding="UTF-8"?>
<testsuite name="dev.dejvokep.boostedyaml.dvs.segment.LiteralSegmentTest" tests="4" skipped="0" failures="0" errors="0" timestamp="2026-05-26T06:03:52.895Z" hostname="STEPHANOFER" time="0.005">
  <properties/>
  <testcase name="length()" classname="dev.dejvokep.boostedyaml.dvs.segment.LiteralSegmentTest" time="0.001"/>
  <testcase name="getElement()" classname="dev.dejvokep.boostedyaml.dvs.segment.LiteralSegmentTest" time="0.001"/>
  <testcase name="parse()" classname="dev.dejvokep.boostedyaml.dvs.segment.LiteralSegmentTest" time="0.001"/>
  <testcase name="getElementLength()" classname="dev.dejvokep.boostedyaml.dvs.segment.LiteralSegmentTest" time="0.0"/>
  <system-out><![CDATA[]]></system-out>
  <system-err><![CDATA[]]></system-err>
</testsuite>
