<?xml version="1.0" encoding="UTF-8"?>
<testsuite name="dev.dejvokep.boostedyaml.settings.loader.LoaderSettingsTest" tests="3" skipped="0" failures="0" errors="0" timestamp="2026-05-26T06:03:53.255Z" hostname="STEPHANOFER" time="0.007">
  <properties/>
  <testcase name="isCreateFileIfAbsent()" classname="dev.dejvokep.boostedyaml.settings.loader.LoaderSettingsTest" time="0.002"/>
  <testcase name="buildEngineSettings()" classname="dev.dejvokep.boostedyaml.settings.loader.LoaderSettingsTest" time="0.002"/>
  <testcase name="isAutoUpdate()" classname="dev.dejvokep.boostedyaml.settings.loader.LoaderSettingsTest" time="0.001"/>
  <system-out><![CDATA[]]></system-out>
  <system-err><![CDATA[]]></system-err>
</testsuite>
