<?xml version="1.0" encoding="UTF-8"?>
<testsuite name="dev.dejvokep.boostedyaml.settings.updater.UpdaterSettingsTest" tests="10" skipped="0" failures="0" errors="0" timestamp="2026-05-26T06:03:53.265Z" hostname="STEPHANOFER" time="0.095">
  <properties/>
  <testcase name="isEnableDowngrading()" classname="dev.dejvokep.boostedyaml.settings.updater.UpdaterSettingsTest" time="0.001"/>
  <testcase name="isKeepAll()" classname="dev.dejvokep.boostedyaml.settings.updater.UpdaterSettingsTest" time="0.001"/>
  <testcase name="getMergeRules()" classname="dev.dejvokep.boostedyaml.settings.updater.UpdaterSettingsTest" time="0.002"/>
  <testcase name="getVersioning()" classname="dev.dejvokep.boostedyaml.settings.updater.UpdaterSettingsTest" time="0.002"/>
  <testcase name="getIgnoredRoutes()" classname="dev.dejvokep.boostedyaml.settings.updater.UpdaterSettingsTest" time="0.009"/>
  <testcase name="getOptionSorting()" classname="dev.dejvokep.boostedyaml.settings.updater.UpdaterSettingsTest" time="0.001"/>
  <testcase name="isAutoSave()" classname="dev.dejvokep.boostedyaml.settings.updater.UpdaterSettingsTest" time="0.001"/>
  <testcase name="getRelocations()" classname="dev.dejvokep.boostedyaml.settings.updater.UpdaterSettingsTest" time="0.026"/>
  <testcase name="getCustomLogic()" classname="dev.dejvokep.boostedyaml.settings.updater.UpdaterSettingsTest" time="0.007"/>
  <testcase name="getMappers()" classname="dev.dejvokep.boostedyaml.settings.updater.UpdaterSettingsTest" time="0.037"/>
  <system-out><![CDATA[]]></system-out>
  <system-err><![CDATA[]]></system-err>
</testsuite>
