<?xml version="1.0" encoding="UTF-8"?>
<testsuite name="dev.dejvokep.boostedyaml.block.BlockTest" tests="8" skipped="0" failures="0" errors="0" timestamp="2026-05-26T06:03:52.494Z" hostname="STEPHANOFER" time="0.047">
  <properties/>
  <testcase name="getValueInlineComments()" classname="dev.dejvokep.boostedyaml.block.BlockTest" time="0.005"/>
  <testcase name="getKeyBlockComments()" classname="dev.dejvokep.boostedyaml.block.BlockTest" time="0.006"/>
  <testcase name="getValueEndComments()" classname="dev.dejvokep.boostedyaml.block.BlockTest" time="0.004"/>
  <testcase name="getKeyEndComments()" classname="dev.dejvokep.boostedyaml.block.BlockTest" time="0.004"/>
  <testcase name="init()" classname="dev.dejvokep.boostedyaml.block.BlockTest" time="0.005"/>
  <testcase name="getKeyInlineComments()" classname="dev.dejvokep.boostedyaml.block.BlockTest" time="0.006"/>
  <testcase name="getValueBlockComments()" classname="dev.dejvokep.boostedyaml.block.BlockTest" time="0.004"/>
  <testcase name="getValue()" classname="dev.dejvokep.boostedyaml.block.BlockTest" time="0.002"/>
  <system-out><![CDATA[]]></system-out>
  <system-err><![CDATA[]]></system-err>
</testsuite>
