<?xml version="1.0" encoding="UTF-8"?>
<testsuite name="dev.dejvokep.boostedyaml.route.implementation.MultiKeyRouteTest" tests="4" skipped="0" failures="0" errors="0" timestamp="2026-05-26T06:03:53.114Z" hostname="STEPHANOFER" time="0.019">
  <properties/>
  <testcase name="length()" classname="dev.dejvokep.boostedyaml.route.implementation.MultiKeyRouteTest" time="0.003"/>
  <testcase name="parent()" classname="dev.dejvokep.boostedyaml.route.implementation.MultiKeyRouteTest" time="0.007"/>
  <testcase name="add()" classname="dev.dejvokep.boostedyaml.route.implementation.MultiKeyRouteTest" time="0.002"/>
  <testcase name="get()" classname="dev.dejvokep.boostedyaml.route.implementation.MultiKeyRouteTest" time="0.002"/>
  <system-out><![CDATA[]]></system-out>
  <system-err><![CDATA[]]></system-err>
</testsuite>
