<?xml version="1.0" encoding="UTF-8"?>
<testsuite name="dev.dejvokep.boostedyaml.utils.conversion.ListConversionsTest" tests="9" skipped="0" failures="0" errors="0" timestamp="2026-05-26T06:03:53.476Z" hostname="STEPHANOFER" time="0.07">
  <properties/>
  <testcase name="toLongList()" classname="dev.dejvokep.boostedyaml.utils.conversion.ListConversionsTest" time="0.008"/>
  <testcase name="toByteList()" classname="dev.dejvokep.boostedyaml.utils.conversion.ListConversionsTest" time="0.004"/>
  <testcase name="toDoubleList()" classname="dev.dejvokep.boostedyaml.utils.conversion.ListConversionsTest" time="0.004"/>
  <testcase name="toMapList()" classname="dev.dejvokep.boostedyaml.utils.conversion.ListConversionsTest" time="0.005"/>
  <testcase name="toIntList()" classname="dev.dejvokep.boostedyaml.utils.conversion.ListConversionsTest" time="0.008"/>
  <testcase name="toStringList()" classname="dev.dejvokep.boostedyaml.utils.conversion.ListConversionsTest" time="0.011"/>
  <testcase name="toFloatList()" classname="dev.dejvokep.boostedyaml.utils.conversion.ListConversionsTest" time="0.003"/>
  <testcase name="toShortList()" classname="dev.dejvokep.boostedyaml.utils.conversion.ListConversionsTest" time="0.002"/>
  <testcase name="toBigIntList()" classname="dev.dejvokep.boostedyaml.utils.conversion.ListConversionsTest" time="0.005"/>
  <system-out><![CDATA[]]></system-out>
  <system-err><![CDATA[]]></system-err>
</testsuite>
