<?xml version="1.0" encoding="UTF-8"?>
<testsuite name="dev.dejvokep.boostedyaml.utils.conversion.PrimitiveConversionsTest" tests="9" skipped="0" failures="0" errors="0" timestamp="2026-05-26T06:03:53.549Z" hostname="STEPHANOFER" time="0.024">
  <properties/>
  <testcase name="toFloat()" classname="dev.dejvokep.boostedyaml.utils.conversion.PrimitiveConversionsTest" time="0.002"/>
  <testcase name="toShort()" classname="dev.dejvokep.boostedyaml.utils.conversion.PrimitiveConversionsTest" time="0.001"/>
  <testcase name="toByte()" classname="dev.dejvokep.boostedyaml.utils.conversion.PrimitiveConversionsTest" time="0.001"/>
  <testcase name="toLong()" classname="dev.dejvokep.boostedyaml.utils.conversion.PrimitiveConversionsTest" time="0.002"/>
  <testcase name="isNumber()" classname="dev.dejvokep.boostedyaml.utils.conversion.PrimitiveConversionsTest" time="0.001"/>
  <testcase name="toInt()" classname="dev.dejvokep.boostedyaml.utils.conversion.PrimitiveConversionsTest" time="0.001"/>
  <testcase name="convertNumber()" classname="dev.dejvokep.boostedyaml.utils.conversion.PrimitiveConversionsTest" time="0.002"/>
  <testcase name="toBigInt()" classname="dev.dejvokep.boostedyaml.utils.conversion.PrimitiveConversionsTest" time="0.001"/>
  <testcase name="toDouble()" classname="dev.dejvokep.boostedyaml.utils.conversion.PrimitiveConversionsTest" time="0.001"/>
  <system-out><![CDATA[]]></system-out>
  <system-err><![CDATA[]]></system-err>
</testsuite>
