<?xml version="1.0" encoding="UTF-8"?>
<testsuite name="dev.dejvokep.boostedyaml.block.CommentsTest" tests="5" skipped="0" failures="0" errors="0" timestamp="2026-05-26T06:03:52.543Z" hostname="STEPHANOFER" time="0.025">
  <properties/>
  <testcase name="create()" classname="dev.dejvokep.boostedyaml.block.CommentsTest" time="0.002"/>
  <testcase name="remove()" classname="dev.dejvokep.boostedyaml.block.CommentsTest" time="0.002"/>
  <testcase name="add()" classname="dev.dejvokep.boostedyaml.block.CommentsTest" time="0.006"/>
  <testcase name="get()" classname="dev.dejvokep.boostedyaml.block.CommentsTest" time="0.001"/>
  <testcase name="set()" classname="dev.dejvokep.boostedyaml.block.CommentsTest" time="0.004"/>
  <system-out><![CDATA[]]></system-out>
  <system-err><![CDATA[]]></system-err>
</testsuite>
