<?xml version="1.0" encoding="UTF-8"?>
<testsuite name="dev.dejvokep.boostedyaml.YamlDocumentTest" tests="14" skipped="0" failures="0" errors="0" timestamp="2026-05-26T06:03:51.980Z" hostname="STEPHANOFER" time="0.508">
  <properties/>
  <testcase name="getDefaults()" classname="dev.dejvokep.boostedyaml.YamlDocumentTest" time="0.244"/>
  <testcase name="create()" classname="dev.dejvokep.boostedyaml.YamlDocumentTest" time="0.018"/>
  <testcase name="isRoot()" classname="dev.dejvokep.boostedyaml.YamlDocumentTest" time="0.012"/>
  <testcase name="setSettings()" classname="dev.dejvokep.boostedyaml.YamlDocumentTest" time="0.008"/>
  <testcase name="update()" classname="dev.dejvokep.boostedyaml.YamlDocumentTest" time="0.069"/>
  <testcase name="getFile()" classname="dev.dejvokep.boostedyaml.YamlDocumentTest" time="0.003"/>
  <testcase name="dump()" classname="dev.dejvokep.boostedyaml.YamlDocumentTest" time="0.004"/>
  <testcase name="load()" classname="dev.dejvokep.boostedyaml.YamlDocumentTest" time="0.005"/>
  <testcase name="save()" classname="dev.dejvokep.boostedyaml.YamlDocumentTest" time="0.007"/>
  <testcase name="getUpdaterSettings()" classname="dev.dejvokep.boostedyaml.YamlDocumentTest" time="0.002"/>
  <testcase name="fileBackedReloadReleasesFileHandle(Path)" classname="dev.dejvokep.boostedyaml.YamlDocumentTest" time="0.049"/>
  <testcase name="getDumperSettings()" classname="dev.dejvokep.boostedyaml.YamlDocumentTest" time="0.003"/>
  <testcase name="getGeneralSettings()" classname="dev.dejvokep.boostedyaml.YamlDocumentTest" time="0.004"/>
  <testcase name="getLoaderSettings()" classname="dev.dejvokep.boostedyaml.YamlDocumentTest" time="0.002"/>
  <system-out><![CDATA[]]></system-out>
  <system-err><![CDATA[]]></system-err>
</testsuite>
