<?xml version="1.0" encoding="UTF-8"?>
<testsuite name="dev.dejvokep.boostedyaml.dvs.versioning.ManualVersioningTest" tests="2" skipped="0" failures="0" errors="0" timestamp="2026-05-26T06:03:52.936Z" hostname="STEPHANOFER" time="0.013">
  <properties/>
  <testcase name="getDocumentVersion()" classname="dev.dejvokep.boostedyaml.dvs.versioning.ManualVersioningTest" time="0.007"/>
  <testcase name="getOldest()" classname="dev.dejvokep.boostedyaml.dvs.versioning.ManualVersioningTest" time="0.003"/>
  <system-out><![CDATA[]]></system-out>
  <system-err><![CDATA[]]></system-err>
</testsuite>
