<?xml version="1.0" encoding="UTF-8"?>
<testsuite name="dev.dejvokep.boostedyaml.route.RouteFactoryTest" tests="3" skipped="0" failures="0" errors="0" timestamp="2026-05-26T06:03:53.068Z" hostname="STEPHANOFER" time="0.016">
  <properties/>
  <testcase name="create()" classname="dev.dejvokep.boostedyaml.route.RouteFactoryTest" time="0.003"/>
  <testcase name="getEscapedSeparator()" classname="dev.dejvokep.boostedyaml.route.RouteFactoryTest" time="0.005"/>
  <testcase name="getSeparator()" classname="dev.dejvokep.boostedyaml.route.RouteFactoryTest" time="0.002"/>
  <system-out><![CDATA[]]></system-out>
  <system-err><![CDATA[]]></system-err>
</testsuite>
