<?xml version="1.0" encoding="UTF-8"?>
<testsuite name="dev.dejvokep.boostedyaml.engine.ExtendedConstructorTest" tests="3" skipped="0" failures="0" errors="0" timestamp="2026-05-26T06:03:52.951Z" hostname="STEPHANOFER" time="0.013">
  <properties/>
  <testcase name="construct()" classname="dev.dejvokep.boostedyaml.engine.ExtendedConstructorTest" time="0.004"/>
  <testcase name="constructObjectNoCheck()" classname="dev.dejvokep.boostedyaml.engine.ExtendedConstructorTest" time="0.002"/>
  <testcase name="getConstructed()" classname="dev.dejvokep.boostedyaml.engine.ExtendedConstructorTest" time="0.002"/>
  <system-out><![CDATA[]]></system-out>
  <system-err><![CDATA[]]></system-err>
</testsuite>
