<?xml version="1.0" encoding="UTF-8"?>
<testsuite name="dev.dejvokep.boostedyaml.serialization.standard.StandardSerializerTest" tests="3" skipped="0" failures="0" errors="0" timestamp="2026-05-26T06:03:53.148Z" hostname="STEPHANOFER" time="0.025">
  <properties/>
  <testcase name="register()" classname="dev.dejvokep.boostedyaml.serialization.standard.StandardSerializerTest" time="0.005"/>
  <testcase name="serialize()" classname="dev.dejvokep.boostedyaml.serialization.standard.StandardSerializerTest" time="0.009"/>
  <testcase name="deserialize()" classname="dev.dejvokep.boostedyaml.serialization.standard.StandardSerializerTest" time="0.007"/>
  <system-out><![CDATA[]]></system-out>
  <system-err><![CDATA[]]></system-err>
</testsuite>
