<?xml version="1.0" encoding="UTF-8"?>
<testsuite name="dev.dejvokep.boostedyaml.settings.general.GeneralSettingsTest" tests="14" skipped="0" failures="0" errors="0" timestamp="2026-05-26T06:03:53.227Z" hostname="STEPHANOFER" time="0.027">
  <properties/>
  <testcase name="getDefaultChar()" classname="dev.dejvokep.boostedyaml.settings.general.GeneralSettingsTest" time="0.002"/>
  <testcase name="getDefaultList()" classname="dev.dejvokep.boostedyaml.settings.general.GeneralSettingsTest" time="0.003"/>
  <testcase name="getDefaultMapSupplier()" classname="dev.dejvokep.boostedyaml.settings.general.GeneralSettingsTest" time="0.001"/>
  <testcase name="getSerializer()" classname="dev.dejvokep.boostedyaml.settings.general.GeneralSettingsTest" time="0.001"/>
  <testcase name="getDefaultNumber()" classname="dev.dejvokep.boostedyaml.settings.general.GeneralSettingsTest" time="0.001"/>
  <testcase name="getDefaultObject()" classname="dev.dejvokep.boostedyaml.settings.general.GeneralSettingsTest" time="0.001"/>
  <testcase name="getDefaultString()" classname="dev.dejvokep.boostedyaml.settings.general.GeneralSettingsTest" time="0.001"/>
  <testcase name="getKeyMode()" classname="dev.dejvokep.boostedyaml.settings.general.GeneralSettingsTest" time="0.001"/>
  <testcase name="getDefaultMap()" classname="dev.dejvokep.boostedyaml.settings.general.GeneralSettingsTest" time="0.002"/>
  <testcase name="getDefaultSet()" classname="dev.dejvokep.boostedyaml.settings.general.GeneralSettingsTest" time="0.001"/>
  <testcase name="isUseDefaults()" classname="dev.dejvokep.boostedyaml.settings.general.GeneralSettingsTest" time="0.001"/>
  <testcase name="getEscapedSeparator()" classname="dev.dejvokep.boostedyaml.settings.general.GeneralSettingsTest" time="0.001"/>
  <testcase name="getSeparator()" classname="dev.dejvokep.boostedyaml.settings.general.GeneralSettingsTest" time="0.001"/>
  <testcase name="getDefaultBoolean()" classname="dev.dejvokep.boostedyaml.settings.general.GeneralSettingsTest" time="0.001"/>
  <system-out><![CDATA[]]></system-out>
  <system-err><![CDATA[]]></system-err>
</testsuite>
