<?xml version="1.0" encoding="UTF-8"?>
<testsuite name="dev.dejvokep.boostedyaml.block.implementation.SectionTest" tests="29" skipped="0" failures="0" errors="0" timestamp="2026-05-26T06:03:52.569Z" hostname="STEPHANOFER" time="0.293">
  <properties/>
  <testcase name="getParentOfPath()" classname="dev.dejvokep.boostedyaml.block.implementation.SectionTest" time="0.01"/>
  <testcase name="adaptKey()" classname="dev.dejvokep.boostedyaml.block.implementation.SectionTest" time="0.014"/>
  <testcase name="isRoot()" classname="dev.dejvokep.boostedyaml.block.implementation.SectionTest" time="0.004"/>
  <testcase name="remove()" classname="dev.dejvokep.boostedyaml.block.implementation.SectionTest" time="0.01"/>
  <testcase name="contains()" classname="dev.dejvokep.boostedyaml.block.implementation.SectionTest" time="0.007"/>
  <testcase name="getStringRouteMappedBlocks()" classname="dev.dejvokep.boostedyaml.block.implementation.SectionTest" time="0.008"/>
  <testcase name="createSection()" classname="dev.dejvokep.boostedyaml.block.implementation.SectionTest" time="0.009"/>
  <testcase name="getKeys()" classname="dev.dejvokep.boostedyaml.block.implementation.SectionTest" time="0.015"/>
  <testcase name="getList()" classname="dev.dejvokep.boostedyaml.block.implementation.SectionTest" time="0.014"/>
  <testcase name="getName()" classname="dev.dejvokep.boostedyaml.block.implementation.SectionTest" time="0.016"/>
  <testcase name="getRoot()" classname="dev.dejvokep.boostedyaml.block.implementation.SectionTest" time="0.006"/>
  <testcase name="getSafe()" classname="dev.dejvokep.boostedyaml.block.implementation.SectionTest" time="0.007"/>
  <testcase name="getSubRoute()" classname="dev.dejvokep.boostedyaml.block.implementation.SectionTest" time="0.005"/>
  <testcase name="is()" classname="dev.dejvokep.boostedyaml.block.implementation.SectionTest" time="0.007"/>
  <testcase name="get()" classname="dev.dejvokep.boostedyaml.block.implementation.SectionTest" time="0.006"/>
  <testcase name="set()" classname="dev.dejvokep.boostedyaml.block.implementation.SectionTest" time="0.012"/>
  <testcase name="move()" classname="dev.dejvokep.boostedyaml.block.implementation.SectionTest" time="0.007"/>
  <testcase name="getAs()" classname="dev.dejvokep.boostedyaml.block.implementation.SectionTest" time="0.007"/>
  <testcase name="getStringRouteMappedValues()" classname="dev.dejvokep.boostedyaml.block.implementation.SectionTest" time="0.016"/>
  <testcase name="getAsSafe()" classname="dev.dejvokep.boostedyaml.block.implementation.SectionTest" time="0.005"/>
  <testcase name="getBlocks()" classname="dev.dejvokep.boostedyaml.block.implementation.SectionTest" time="0.009"/>
  <testcase name="getRoutesAsStrings()" classname="dev.dejvokep.boostedyaml.block.implementation.SectionTest" time="0.009"/>
  <testcase name="defaults()" classname="dev.dejvokep.boostedyaml.block.implementation.SectionTest" time="0.008"/>
  <testcase name="getParent()" classname="dev.dejvokep.boostedyaml.block.implementation.SectionTest" time="0.005"/>
  <testcase name="getRoutes()" classname="dev.dejvokep.boostedyaml.block.implementation.SectionTest" time="0.008"/>
  <testcase name="getBlockSafe()" classname="dev.dejvokep.boostedyaml.block.implementation.SectionTest" time="0.004"/>
  <testcase name="getValues()" classname="dev.dejvokep.boostedyaml.block.implementation.SectionTest" time="0.007"/>
  <testcase name="getRoute()" classname="dev.dejvokep.boostedyaml.block.implementation.SectionTest" time="0.002"/>
  <testcase name="isEmpty()" classname="dev.dejvokep.boostedyaml.block.implementation.SectionTest" time="0.005"/>
  <system-out><![CDATA[]]></system-out>
  <system-err><![CDATA[]]></system-err>
</testsuite>
